08.11.2022 16:40:58 - Попытка установить соединение была безуспешной, т.к. от другого компьютера за требуемое время не получен нужный отклик, или было разорвано уже установленное соединение из-за неверного отклика уже подключенного компьютера. (api.openweathermap.org:443)
09.11.2022 19:34:05 - location is null ofr empty
09.11.2022 19:48:22 - str is null or empty
09.11.2022 19:53:05 - location is null or empty
13.11.2022 0:04:05 - ini file was not found. File has been created. Please enter the settings in the file
13.11.2022 0:05:39 - ini file was not found. File has been created. Please enter the settings in the file
13.11.2022 4:17:35 - required file was not found in the game directory. File path - D:\games\reality1.2\STALKER_REALITY1.2\gamedata\scripts\Vweather.script
13.11.2022 4:55:45 - ini file was not found. File has been created. Please enter the settings in the file
13.11.2022 4:56:14 - ini file was not found. File has been created. Please enter the settings in the file
13.11.2022 5:02:21 - Input string was not in a correct format.
13.11.2022 21:37:03 - Could not find a part of the path 'D:\games\reality1.2\STALKER_REALITY1.2\krfrjgjrj'.
13.11.2022 21:46:37 - key Is null or empty
13.11.2022 22:01:18 - Script file is empty. Enter correct data, or delete this file - D:\games\reality1.2\STALKER_REALITY1.2\gamedata\scripts\Vweather.script
13.11.2022 22:11:36 - Invalid data in file - D:\games\reality1.2\STALKER_REALITY1.2\gamedata\scripts\Vweather.script
13.11.2022 22:13:16 - Invalid data in file - D:\games\reality1.2\STALKER_REALITY1.2\gamedata\scripts\Vweather.script
13.11.2022 22:29:19 - Invalid data in file - D:\games\reality1.2\STALKER_REALITY1.2\gamedata\scripts\Vweather.script
13.11.2022 22:29:32 - Invalid data in file - D:\games\reality1.2\STALKER_REALITY1.2\gamedata\scripts\Vweather.script
13.11.2022 22:38:02 - Invalid data in file - D:\games\reality1.2\STALKER_REALITY1.2\gamedata\scripts\Vweather.script
13.11.2022 22:38:02 - Required file was not found in the game directory. File has been created. File path - D:\games\reality1.2\STALKER_REALITY1.2\gamedata\scripts\Vweather.script
13.11.2022 22:38:52 - Invalid data in file - D:\games\reality1.2\STALKER_REALITY1.2\gamedata\scripts\Vweather.script
13.11.2022 22:39:55 - Required file was not found in the game directory. File has been created. File path - D:\games\reality1.2\STALKER_REALITY1.2\gamedata\scripts\Vweather.script
13.11.2022 22:42:25 - Invalid data in file - D:\games\reality1.2\STALKER_REALITY1.2\gamedata\scripts\Vweather.script
13.11.2022 22:42:25 - Required file was not found in the game directory. File has been created. File path - D:\games\reality1.2\STALKER_REALITY1.2\gamedata\scripts\Vweather.script
13.11.2022 22:47:30 - Invalid data in file - D:\games\reality1.2\STALKER_REALITY1.2\gamedata\scripts\Vweather.script
13.11.2022 22:47:30 - Required file was not found in the game directory. File has been created. File path - D:\games\reality1.2\STALKER_REALITY1.2\gamedata\scripts\Vweather.script
13.11.2022 22:54:47 - Invalid data in file. Restart program D:\games\reality1.2\STALKER_REALITY1.2\gamedata\scripts\Vweather.script
13.11.2022 22:54:47 - Required file was not found in the game directory. File has been created. File path - D:\games\reality1.2\STALKER_REALITY1.2\gamedata\scripts\Vweather.script
13.11.2022 22:58:39 - Invalid data in file. Restart program D:\games\reality1.2\STALKER_REALITY1.2\gamedata\scripts\Vweather.script
13.11.2022 22:58:39 - Required file was not found in the game directory. File has been created. File path - D:\games\reality1.2\STALKER_REALITY1.2\gamedata\scripts\Vweather.script
13.11.2022 23:05:54 - The remote server returned an error: (401) Unauthorized.
